{"W:\\projects\\html-css-ts-eslint-prettier-vite\\src\\scripts\\_lib.ts": {"path":"W:\\projects\\html-css-ts-eslint-prettier-vite\\src\\scripts\\_lib.ts","all":false,"statementMap":{"128":{"start":{"line":129,"column":0},"end":{"line":129,"column":82}},"129":{"start":{"line":130,"column":0},"end":{"line":130,"column":77}},"131":{"start":{"line":132,"column":0},"end":{"line":132,"column":29}},"132":{"start":{"line":133,"column":0},"end":{"line":133,"column":62}},"133":{"start":{"line":134,"column":0},"end":{"line":134,"column":66}},"134":{"start":{"line":135,"column":0},"end":{"line":135,"column":18}},"135":{"start":{"line":136,"column":0},"end":{"line":136,"column":4}},"137":{"start":{"line":138,"column":0},"end":{"line":138,"column":42}},"138":{"start":{"line":139,"column":0},"end":{"line":139,"column":57}},"139":{"start":{"line":140,"column":0},"end":{"line":140,"column":18}},"140":{"start":{"line":141,"column":0},"end":{"line":141,"column":4}},"142":{"start":{"line":143,"column":0},"end":{"line":143,"column":45}},"143":{"start":{"line":144,"column":0},"end":{"line":144,"column":60}},"144":{"start":{"line":145,"column":0},"end":{"line":145,"column":18}},"145":{"start":{"line":146,"column":0},"end":{"line":146,"column":4}},"147":{"start":{"line":148,"column":0},"end":{"line":148,"column":21}},"148":{"start":{"line":149,"column":0},"end":{"line":149,"column":29}},"149":{"start":{"line":150,"column":0},"end":{"line":150,"column":40}},"150":{"start":{"line":151,"column":0},"end":{"line":151,"column":6}},"151":{"start":{"line":152,"column":0},"end":{"line":152,"column":18}},"152":{"start":{"line":153,"column":0},"end":{"line":153,"column":4}},"154":{"start":{"line":155,"column":0},"end":{"line":155,"column":21}},"155":{"start":{"line":156,"column":0},"end":{"line":156,"column":29}},"156":{"start":{"line":157,"column":0},"end":{"line":157,"column":43}},"157":{"start":{"line":158,"column":0},"end":{"line":158,"column":6}},"158":{"start":{"line":159,"column":0},"end":{"line":159,"column":18}},"159":{"start":{"line":160,"column":0},"end":{"line":160,"column":4}},"161":{"start":{"line":162,"column":0},"end":{"line":162,"column":34}},"162":{"start":{"line":163,"column":0},"end":{"line":163,"column":19}},"163":{"start":{"line":164,"column":0},"end":{"line":164,"column":4}},"165":{"start":{"line":166,"column":0},"end":{"line":166,"column":10}},"166":{"start":{"line":167,"column":0},"end":{"line":167,"column":59}},"167":{"start":{"line":168,"column":0},"end":{"line":168,"column":46}},"168":{"start":{"line":169,"column":0},"end":{"line":169,"column":16}},"169":{"start":{"line":170,"column":0},"end":{"line":170,"column":60}},"170":{"start":{"line":171,"column":0},"end":{"line":171,"column":18}},"171":{"start":{"line":172,"column":0},"end":{"line":172,"column":4}},"173":{"start":{"line":174,"column":0},"end":{"line":174,"column":56}},"174":{"start":{"line":175,"column":0},"end":{"line":175,"column":61}},"175":{"start":{"line":176,"column":0},"end":{"line":176,"column":18}},"176":{"start":{"line":177,"column":0},"end":{"line":177,"column":4}},"178":{"start":{"line":179,"column":0},"end":{"line":179,"column":40}},"179":{"start":{"line":180,"column":0},"end":{"line":180,"column":78}},"180":{"start":{"line":181,"column":0},"end":{"line":181,"column":4}},"182":{"start":{"line":183,"column":0},"end":{"line":183,"column":64}},"183":{"start":{"line":184,"column":0},"end":{"line":184,"column":29}},"184":{"start":{"line":185,"column":0},"end":{"line":185,"column":58}},"185":{"start":{"line":186,"column":0},"end":{"line":186,"column":33}},"186":{"start":{"line":187,"column":0},"end":{"line":187,"column":7}},"187":{"start":{"line":188,"column":0},"end":{"line":188,"column":6}},"188":{"start":{"line":189,"column":0},"end":{"line":189,"column":18}},"189":{"start":{"line":190,"column":0},"end":{"line":190,"column":4}},"191":{"start":{"line":192,"column":0},"end":{"line":192,"column":44}},"192":{"start":{"line":193,"column":0},"end":{"line":193,"column":72}},"193":{"start":{"line":194,"column":0},"end":{"line":194,"column":4}},"195":{"start":{"line":196,"column":0},"end":{"line":196,"column":53}},"196":{"start":{"line":197,"column":0},"end":{"line":197,"column":29}},"197":{"start":{"line":198,"column":0},"end":{"line":198,"column":59}},"198":{"start":{"line":199,"column":0},"end":{"line":199,"column":6}},"199":{"start":{"line":200,"column":0},"end":{"line":200,"column":18}},"200":{"start":{"line":201,"column":0},"end":{"line":201,"column":4}},"202":{"start":{"line":203,"column":0},"end":{"line":203,"column":36}},"203":{"start":{"line":204,"column":0},"end":{"line":204,"column":29}},"204":{"start":{"line":205,"column":0},"end":{"line":205,"column":26}},"205":{"start":{"line":206,"column":0},"end":{"line":206,"column":6}},"206":{"start":{"line":207,"column":0},"end":{"line":207,"column":18}},"207":{"start":{"line":208,"column":0},"end":{"line":208,"column":4}},"209":{"start":{"line":210,"column":0},"end":{"line":210,"column":36}},"210":{"start":{"line":211,"column":0},"end":{"line":211,"column":29}},"211":{"start":{"line":212,"column":0},"end":{"line":212,"column":24}},"212":{"start":{"line":213,"column":0},"end":{"line":213,"column":6}},"213":{"start":{"line":214,"column":0},"end":{"line":214,"column":18}},"214":{"start":{"line":215,"column":0},"end":{"line":215,"column":4}},"215":{"start":{"line":216,"column":0},"end":{"line":216,"column":3}},"217":{"start":{"line":218,"column":0},"end":{"line":218,"column":16}},"218":{"start":{"line":219,"column":0},"end":{"line":219,"column":2}}},"s":{"128":1,"129":18,"131":18,"132":18,"133":2,"134":2,"135":2,"137":18,"138":2,"139":2,"140":2,"142":18,"143":1,"144":1,"145":1,"147":18,"148":1,"149":1,"150":1,"151":1,"152":1,"154":18,"155":1,"156":1,"157":1,"158":1,"159":1,"161":18,"162":1,"163":1,"165":18,"166":1,"167":1,"168":1,"169":1,"170":1,"171":1,"173":18,"174":1,"175":1,"176":1,"178":18,"179":2,"180":2,"182":18,"183":1,"184":1,"185":2,"186":1,"187":1,"188":1,"189":1,"191":18,"192":2,"193":2,"195":18,"196":1,"197":1,"198":1,"199":1,"200":1,"202":18,"203":1,"204":1,"205":1,"206":1,"207":1,"209":18,"210":1,"211":1,"212":1,"213":1,"214":1,"215":18,"217":18,"218":18},"branchMap":{"0":{"type":"branch","line":129,"loc":{"start":{"line":129,"column":17},"end":{"line":219,"column":2}},"locations":[{"start":{"line":129,"column":17},"end":{"line":219,"column":2}}]},"1":{"type":"branch","line":133,"loc":{"start":{"line":133,"column":2},"end":{"line":136,"column":4}},"locations":[{"start":{"line":133,"column":2},"end":{"line":136,"column":4}}]},"2":{"type":"branch","line":134,"loc":{"start":{"line":134,"column":20},"end":{"line":134,"column":64}},"locations":[{"start":{"line":134,"column":20},"end":{"line":134,"column":64}}]},"3":{"type":"branch","line":138,"loc":{"start":{"line":138,"column":2},"end":{"line":141,"column":4}},"locations":[{"start":{"line":138,"column":2},"end":{"line":141,"column":4}}]},"4":{"type":"branch","line":139,"loc":{"start":{"line":139,"column":20},"end":{"line":139,"column":55}},"locations":[{"start":{"line":139,"column":20},"end":{"line":139,"column":55}}]},"5":{"type":"branch","line":143,"loc":{"start":{"line":143,"column":2},"end":{"line":146,"column":4}},"locations":[{"start":{"line":143,"column":2},"end":{"line":146,"column":4}}]},"6":{"type":"branch","line":144,"loc":{"start":{"line":144,"column":20},"end":{"line":144,"column":58}},"locations":[{"start":{"line":144,"column":20},"end":{"line":144,"column":58}}]},"7":{"type":"branch","line":148,"loc":{"start":{"line":148,"column":2},"end":{"line":153,"column":4}},"locations":[{"start":{"line":148,"column":2},"end":{"line":153,"column":4}}]},"8":{"type":"branch","line":149,"loc":{"start":{"line":149,"column":20},"end":{"line":151,"column":4}},"locations":[{"start":{"line":149,"column":20},"end":{"line":151,"column":4}}]},"9":{"type":"branch","line":155,"loc":{"start":{"line":155,"column":2},"end":{"line":160,"column":4}},"locations":[{"start":{"line":155,"column":2},"end":{"line":160,"column":4}}]},"10":{"type":"branch","line":156,"loc":{"start":{"line":156,"column":20},"end":{"line":158,"column":4}},"locations":[{"start":{"line":156,"column":20},"end":{"line":158,"column":4}}]},"11":{"type":"branch","line":162,"loc":{"start":{"line":162,"column":2},"end":{"line":164,"column":4}},"locations":[{"start":{"line":162,"column":2},"end":{"line":164,"column":4}}]},"12":{"type":"branch","line":166,"loc":{"start":{"line":166,"column":2},"end":{"line":172,"column":4}},"locations":[{"start":{"line":166,"column":2},"end":{"line":172,"column":4}}]},"13":{"type":"branch","line":170,"loc":{"start":{"line":170,"column":20},"end":{"line":170,"column":58}},"locations":[{"start":{"line":170,"column":20},"end":{"line":170,"column":58}}]},"14":{"type":"branch","line":174,"loc":{"start":{"line":174,"column":2},"end":{"line":177,"column":4}},"locations":[{"start":{"line":174,"column":2},"end":{"line":177,"column":4}}]},"15":{"type":"branch","line":175,"loc":{"start":{"line":175,"column":20},"end":{"line":175,"column":59}},"locations":[{"start":{"line":175,"column":20},"end":{"line":175,"column":59}}]},"16":{"type":"branch","line":179,"loc":{"start":{"line":179,"column":2},"end":{"line":181,"column":4}},"locations":[{"start":{"line":179,"column":2},"end":{"line":181,"column":4}}]},"17":{"type":"branch","line":180,"loc":{"start":{"line":180,"column":36},"end":{"line":180,"column":76}},"locations":[{"start":{"line":180,"column":36},"end":{"line":180,"column":76}}]},"18":{"type":"branch","line":183,"loc":{"start":{"line":183,"column":2},"end":{"line":190,"column":4}},"locations":[{"start":{"line":183,"column":2},"end":{"line":190,"column":4}}]},"19":{"type":"branch","line":184,"loc":{"start":{"line":184,"column":20},"end":{"line":188,"column":4}},"locations":[{"start":{"line":184,"column":20},"end":{"line":188,"column":4}}]},"20":{"type":"branch","line":185,"loc":{"start":{"line":185,"column":39},"end":{"line":187,"column":5}},"locations":[{"start":{"line":185,"column":39},"end":{"line":187,"column":5}}]},"21":{"type":"branch","line":192,"loc":{"start":{"line":192,"column":2},"end":{"line":194,"column":4}},"locations":[{"start":{"line":192,"column":2},"end":{"line":194,"column":4}}]},"22":{"type":"branch","line":193,"loc":{"start":{"line":193,"column":36},"end":{"line":193,"column":70}},"locations":[{"start":{"line":193,"column":36},"end":{"line":193,"column":70}}]},"23":{"type":"branch","line":196,"loc":{"start":{"line":196,"column":2},"end":{"line":201,"column":4}},"locations":[{"start":{"line":196,"column":2},"end":{"line":201,"column":4}}]},"24":{"type":"branch","line":197,"loc":{"start":{"line":197,"column":20},"end":{"line":199,"column":4}},"locations":[{"start":{"line":197,"column":20},"end":{"line":199,"column":4}}]},"25":{"type":"branch","line":198,"loc":{"start":{"line":198,"column":23},"end":{"line":198,"column":57}},"locations":[{"start":{"line":198,"column":23},"end":{"line":198,"column":57}}]},"26":{"type":"branch","line":203,"loc":{"start":{"line":203,"column":2},"end":{"line":208,"column":4}},"locations":[{"start":{"line":203,"column":2},"end":{"line":208,"column":4}}]},"27":{"type":"branch","line":204,"loc":{"start":{"line":204,"column":20},"end":{"line":206,"column":4}},"locations":[{"start":{"line":204,"column":20},"end":{"line":206,"column":4}}]},"28":{"type":"branch","line":210,"loc":{"start":{"line":210,"column":2},"end":{"line":215,"column":4}},"locations":[{"start":{"line":210,"column":2},"end":{"line":215,"column":4}}]},"29":{"type":"branch","line":211,"loc":{"start":{"line":211,"column":20},"end":{"line":213,"column":4}},"locations":[{"start":{"line":211,"column":20},"end":{"line":213,"column":4}}]}},"b":{"0":[18],"1":[2],"2":[3],"3":[2],"4":[3],"5":[1],"6":[1],"7":[1],"8":[1],"9":[1],"10":[1],"11":[1],"12":[1],"13":[1],"14":[1],"15":[1],"16":[2],"17":[2],"18":[1],"19":[1],"20":[2],"21":[2],"22":[2],"23":[1],"24":[1],"25":[2],"26":[1],"27":[1],"28":[1],"29":[1]},"fnMap":{"0":{"name":"$","decl":{"start":{"line":129,"column":17},"end":{"line":219,"column":2}},"loc":{"start":{"line":129,"column":17},"end":{"line":219,"column":2}},"line":129},"1":{"name":"on","decl":{"start":{"line":133,"column":2},"end":{"line":136,"column":4}},"loc":{"start":{"line":133,"column":2},"end":{"line":136,"column":4}},"line":133},"2":{"name":"addClass","decl":{"start":{"line":138,"column":2},"end":{"line":141,"column":4}},"loc":{"start":{"line":138,"column":2},"end":{"line":141,"column":4}},"line":138},"3":{"name":"removeClass","decl":{"start":{"line":143,"column":2},"end":{"line":146,"column":4}},"loc":{"start":{"line":143,"column":2},"end":{"line":146,"column":4}},"line":143},"4":{"name":"hide","decl":{"start":{"line":148,"column":2},"end":{"line":153,"column":4}},"loc":{"start":{"line":148,"column":2},"end":{"line":153,"column":4}},"line":148},"5":{"name":"show","decl":{"start":{"line":155,"column":2},"end":{"line":160,"column":4}},"loc":{"start":{"line":155,"column":2},"end":{"line":160,"column":4}},"line":155},"6":{"name":"get","decl":{"start":{"line":162,"column":2},"end":{"line":164,"column":4}},"loc":{"start":{"line":162,"column":2},"end":{"line":164,"column":4}},"line":162},"7":{"name":"animate","decl":{"start":{"line":166,"column":2},"end":{"line":172,"column":4}},"loc":{"start":{"line":166,"column":2},"end":{"line":172,"column":4}},"line":166},"8":{"name":"css","decl":{"start":{"line":174,"column":2},"end":{"line":177,"column":4}},"loc":{"start":{"line":174,"column":2},"end":{"line":177,"column":4}},"line":174},"9":{"name":"hasClass","decl":{"start":{"line":179,"column":2},"end":{"line":181,"column":4}},"loc":{"start":{"line":179,"column":2},"end":{"line":181,"column":4}},"line":179},"10":{"name":"setAttributes","decl":{"start":{"line":183,"column":2},"end":{"line":190,"column":4}},"loc":{"start":{"line":183,"column":2},"end":{"line":190,"column":4}},"line":183},"11":{"name":"hasAttribute","decl":{"start":{"line":192,"column":2},"end":{"line":194,"column":4}},"loc":{"start":{"line":192,"column":2},"end":{"line":194,"column":4}},"line":192},"12":{"name":"removeAttributes","decl":{"start":{"line":196,"column":2},"end":{"line":201,"column":4}},"loc":{"start":{"line":196,"column":2},"end":{"line":201,"column":4}},"line":196},"13":{"name":"setText","decl":{"start":{"line":203,"column":2},"end":{"line":208,"column":4}},"loc":{"start":{"line":203,"column":2},"end":{"line":208,"column":4}},"line":203},"14":{"name":"setHTML","decl":{"start":{"line":210,"column":2},"end":{"line":215,"column":4}},"loc":{"start":{"line":210,"column":2},"end":{"line":215,"column":4}},"line":210}},"f":{"0":18,"1":2,"2":2,"3":1,"4":1,"5":1,"6":1,"7":1,"8":1,"9":2,"10":1,"11":2,"12":1,"13":1,"14":1}}
,"W:\\projects\\html-css-ts-eslint-prettier-vite\\src\\scripts\\eventBroker.ts": {"path":"W:\\projects\\html-css-ts-eslint-prettier-vite\\src\\scripts\\eventBroker.ts","all":false,"statementMap":{"9":{"start":{"line":10,"column":0},"end":{"line":10,"column":47}},"10":{"start":{"line":11,"column":0},"end":{"line":11,"column":26}},"11":{"start":{"line":12,"column":0},"end":{"line":12,"column":13}},"12":{"start":{"line":13,"column":0},"end":{"line":13,"column":43}},"13":{"start":{"line":14,"column":0},"end":{"line":14,"column":3}},"14":{"start":{"line":15,"column":0},"end":{"line":15,"column":11}},"15":{"start":{"line":16,"column":0},"end":{"line":16,"column":37}},"16":{"start":{"line":17,"column":0},"end":{"line":17,"column":22}},"17":{"start":{"line":18,"column":0},"end":{"line":18,"column":3}},"18":{"start":{"line":19,"column":0},"end":{"line":19,"column":12}},"19":{"start":{"line":20,"column":0},"end":{"line":20,"column":60}},"21":{"start":{"line":22,"column":0},"end":{"line":22,"column":62}},"22":{"start":{"line":23,"column":0},"end":{"line":23,"column":15}},"23":{"start":{"line":24,"column":0},"end":{"line":24,"column":28}},"24":{"start":{"line":25,"column":0},"end":{"line":25,"column":52}},"25":{"start":{"line":26,"column":0},"end":{"line":26,"column":3}},"26":{"start":{"line":27,"column":0},"end":{"line":27,"column":3}},"27":{"start":{"line":28,"column":0},"end":{"line":28,"column":3}},"29":{"start":{"line":30,"column":0},"end":{"line":30,"column":33}}},"s":{"9":1,"10":1,"11":1,"12":3,"13":3,"14":1,"15":11,"16":11,"17":11,"18":1,"19":4,"21":3,"22":3,"23":3,"24":3,"25":3,"26":4,"27":1,"29":1},"branchMap":{"0":{"type":"branch","line":10,"loc":{"start":{"line":10,"column":26},"end":{"line":28,"column":3}},"locations":[{"start":{"line":10,"column":26},"end":{"line":28,"column":3}}]},"1":{"type":"branch","line":12,"loc":{"start":{"line":12,"column":1},"end":{"line":14,"column":3}},"locations":[{"start":{"line":12,"column":1},"end":{"line":14,"column":3}}]},"2":{"type":"branch","line":13,"loc":{"start":{"line":13,"column":13},"end":{"line":13,"column":22}},"locations":[{"start":{"line":13,"column":13},"end":{"line":13,"column":22}}]},"3":{"type":"branch","line":13,"loc":{"start":{"line":13,"column":30},"end":{"line":13,"column":41}},"locations":[{"start":{"line":13,"column":30},"end":{"line":13,"column":41}}]},"4":{"type":"branch","line":15,"loc":{"start":{"line":15,"column":1},"end":{"line":18,"column":3}},"locations":[{"start":{"line":15,"column":1},"end":{"line":18,"column":3}}]},"5":{"type":"branch","line":16,"loc":{"start":{"line":16,"column":20},"end":{"line":16,"column":37}},"locations":[{"start":{"line":16,"column":20},"end":{"line":16,"column":37}}]},"6":{"type":"branch","line":19,"loc":{"start":{"line":19,"column":1},"end":{"line":27,"column":3}},"locations":[{"start":{"line":19,"column":1},"end":{"line":27,"column":3}}]},"7":{"type":"branch","line":20,"loc":{"start":{"line":20,"column":20},"end":{"line":20,"column":60}},"locations":[{"start":{"line":20,"column":20},"end":{"line":20,"column":60}}]},"8":{"type":"branch","line":20,"loc":{"start":{"line":20,"column":20},"end":{"line":26,"column":3}},"locations":[{"start":{"line":20,"column":20},"end":{"line":26,"column":3}}]},"9":{"type":"branch","line":25,"loc":{"start":{"line":25,"column":33},"end":{"line":25,"column":52}},"locations":[{"start":{"line":25,"column":33},"end":{"line":25,"column":52}}]},"10":{"type":"branch","line":22,"loc":{"start":{"line":22,"column":34},"end":{"line":22,"column":60}},"locations":[{"start":{"line":22,"column":34},"end":{"line":22,"column":60}}]}},"b":{"0":[1],"1":[3],"2":[1],"3":[3],"4":[11],"5":[8],"6":[4],"7":[1],"8":[3],"9":[2],"10":[3]},"fnMap":{"0":{"name":"createEventBroker","decl":{"start":{"line":10,"column":26},"end":{"line":28,"column":3}},"loc":{"start":{"line":10,"column":26},"end":{"line":28,"column":3}},"line":10},"1":{"name":"emit","decl":{"start":{"line":12,"column":1},"end":{"line":14,"column":3}},"loc":{"start":{"line":12,"column":1},"end":{"line":14,"column":3}},"line":12},"2":{"name":"on","decl":{"start":{"line":15,"column":1},"end":{"line":18,"column":3}},"loc":{"start":{"line":15,"column":1},"end":{"line":18,"column":3}},"line":15},"3":{"name":"off","decl":{"start":{"line":19,"column":1},"end":{"line":27,"column":3}},"loc":{"start":{"line":19,"column":1},"end":{"line":27,"column":3}},"line":19}},"f":{"0":1,"1":3,"2":11,"3":4}}
,"W:\\projects\\html-css-ts-eslint-prettier-vite\\src\\scripts\\main.ts": {"path":"W:\\projects\\html-css-ts-eslint-prettier-vite\\src\\scripts\\main.ts","all":true,"statementMap":{"0":{"start":{"line":1,"column":0},"end":{"line":1,"column":56}}},"s":{"0":0},"branchMap":{"0":{"type":"branch","line":1,"loc":{"start":{"line":1,"column":0},"end":{"line":1,"column":56}},"locations":[{"start":{"line":1,"column":0},"end":{"line":1,"column":56}}]}},"b":{"0":[0]},"fnMap":{"0":{"name":"(empty-report)","decl":{"start":{"line":1,"column":0},"end":{"line":1,"column":56}},"loc":{"start":{"line":1,"column":0},"end":{"line":1,"column":56}},"line":1}},"f":{"0":0}}
,"W:\\projects\\html-css-ts-eslint-prettier-vite\\src\\scripts\\utils.ts": {"path":"W:\\projects\\html-css-ts-eslint-prettier-vite\\src\\scripts\\utils.ts","all":false,"statementMap":{"7":{"start":{"line":8,"column":0},"end":{"line":8,"column":71}},"8":{"start":{"line":9,"column":0},"end":{"line":9,"column":13}},"9":{"start":{"line":10,"column":0},"end":{"line":10,"column":9}},"10":{"start":{"line":11,"column":0},"end":{"line":11,"column":22}},"11":{"start":{"line":12,"column":0},"end":{"line":12,"column":49}},"12":{"start":{"line":13,"column":0},"end":{"line":13,"column":20}},"13":{"start":{"line":14,"column":0},"end":{"line":14,"column":36}},"14":{"start":{"line":15,"column":0},"end":{"line":15,"column":13}},"15":{"start":{"line":16,"column":0},"end":{"line":16,"column":14}},"16":{"start":{"line":17,"column":0},"end":{"line":17,"column":2}}},"s":{"7":1,"8":6,"9":6,"10":6,"11":6,"12":6,"13":6,"14":6,"15":6,"16":6},"branchMap":{"0":{"type":"branch","line":8,"loc":{"start":{"line":8,"column":31},"end":{"line":17,"column":2}},"locations":[{"start":{"line":8,"column":31},"end":{"line":17,"column":2}}]},"1":{"type":"branch","line":12,"loc":{"start":{"line":12,"column":35},"end":{"line":12,"column":47}},"locations":[{"start":{"line":12,"column":35},"end":{"line":12,"column":47}}]}},"b":{"0":[6],"1":[5]},"fnMap":{"0":{"name":"createElFromStr","decl":{"start":{"line":8,"column":31},"end":{"line":17,"column":2}},"loc":{"start":{"line":8,"column":31},"end":{"line":17,"column":2}},"line":8}},"f":{"0":6}}
}
